<?xml version="1.0" encoding="UTF-8"?>
<!-- Generated by org.testng.reporters.JUnitReportReporter -->
<testsuite hostname="E0727247" failures="0" tests="5" name="TestScenario" time="32.705" errors="0" timestamp="2021-08-24T18:28:03 EET" skipped="0">
  <testcase classname="TestScenario" name="testSearchInTheHomePage" time="10.059"/>
  <system-out/>
  <testcase classname="TestScenario" name="testChangeSearchKeywordInResultsPage" time="11.981"/>
  <system-out/>
  <testcase classname="TestScenario" name="testSearchForAWordThatDoesNotProduceResults" time="2.132"/>
  <system-out/>
  <testcase classname="TestScenario" name="testSearchSuggestions" time="5.204"/>
  <system-out/>
  <testcase classname="TestScenario" name="testIfSearchFieldInHomePageKeepsHistory" time="3.329"/>
  <system-out/>
</testsuite> <!-- TestScenario -->
